<?xml version="1.0" encoding="UTF-8"?>
<testsuite name="com.dmaker.programming.dmaker.DmakerApplicationTests" tests="1" skipped="0" failures="0" errors="0" timestamp="2024-08-22T03:37:50" hostname="DESKTOP-STK9A7R" time="1.113">
  <properties/>
  <testcase name="contextLoads()" classname="com.dmaker.programming.dmaker.DmakerApplicationTests" time="1.113"/>
  <system-out><![CDATA[12:37:40.211 [Test worker] INFO org.springframework.test.context.support.AnnotationConfigContextLoaderUtils -- Could not detect default configuration classes for test class [com.dmaker.programming.dmaker.DmakerApplicationTests]: DmakerApplicationTests does not declare any static, non-private, non-final, nested classes annotated with @Configuration.
12:37:40.440 [Test worker] INFO org.springframework.boot.test.context.SpringBootTestContextBootstrapper -- Found @SpringBootConfiguration com.dmaker.programming.dmaker.DmakerApplication for test class com.dmaker.programming.dmaker.DmakerApplicationTests

  .   ____          _            __ _ _
 /\\ / ___'_ __ _ _(_)_ __  __ _ \ \ \ \
( ( )\___ | '_ | '_| | '_ \/ _` | \ \ \ \
 \\/  ___)| |_)| | | | | || (_| |  ) ) ) )
  '  |____| .__|_| |_|_| |_\__, | / / / /
 =========|_|==============|___/=/_/_/_/

 :: Spring Boot ::                (v3.3.2)

2024-08-22T12:37:41.382+09:00  INFO 4152 --- [    Test worker] c.d.p.dmaker.DmakerApplicationTests      : Starting DmakerApplicationTests using Java 17.0.12 with PID 4152 (started by Kim Garam in C:\academy_back_project\dmaker)
2024-08-22T12:37:41.387+09:00  INFO 4152 --- [    Test worker] c.d.p.dmaker.DmakerApplicationTests      : No active profile set, falling back to 1 default profile: "default"
2024-08-22T12:37:43.152+09:00  INFO 4152 --- [    Test worker] .s.d.r.c.RepositoryConfigurationDelegate : Bootstrapping Spring Data JPA repositories in DEFAULT mode.
2024-08-22T12:37:43.311+09:00  INFO 4152 --- [    Test worker] .s.d.r.c.RepositoryConfigurationDelegate : Finished Spring Data repository scanning in 143 ms. Found 2 JPA repository interfaces.
2024-08-22T12:37:44.633+09:00  INFO 4152 --- [    Test worker] com.zaxxer.hikari.HikariDataSource       : HikariPool-1 - Starting...
2024-08-22T12:37:45.115+09:00  INFO 4152 --- [    Test worker] com.zaxxer.hikari.pool.HikariPool        : HikariPool-1 - Added connection conn0: url=jdbc:h2:mem:65deaebf-900d-4f41-96af-eae495b46127 user=SA
2024-08-22T12:37:45.120+09:00  INFO 4152 --- [    Test worker] com.zaxxer.hikari.HikariDataSource       : HikariPool-1 - Start completed.
2024-08-22T12:37:45.229+09:00  INFO 4152 --- [    Test worker] o.hibernate.jpa.internal.util.LogHelper  : HHH000204: Processing PersistenceUnitInfo [name: default]
2024-08-22T12:37:45.444+09:00  INFO 4152 --- [    Test worker] org.hibernate.Version                    : HHH000412: Hibernate ORM core version 6.5.2.Final
2024-08-22T12:37:45.552+09:00  INFO 4152 --- [    Test worker] o.h.c.internal.RegionFactoryInitiator    : HHH000026: Second-level cache disabled
2024-08-22T12:37:46.320+09:00  INFO 4152 --- [    Test worker] o.s.o.j.p.SpringPersistenceUnitInfo      : No LoadTimeWeaver setup: ignoring JPA class transformer
2024-08-22T12:37:48.147+09:00  INFO 4152 --- [    Test worker] o.h.e.t.j.p.i.JtaPlatformInitiator       : HHH000489: No JTA platform available (set 'hibernate.transaction.jta.platform' to enable JTA platform integration)
Hibernate: 
    drop table if exists developer cascade 
Hibernate: 
    drop table if exists retired_developer cascade 
Hibernate: 
    create table developer (
        age integer,
        experience_years integer,
        created_at timestamp(6),
        id bigint generated by default as identity,
        updated_at timestamp(6),
        member_id varchar(255),
        name varchar(255),
        developer_level enum ('JUNGNIOR','JUNIOR','NEW','SENIOR'),
        developer_skill enum ('BACK_END','FRONT_END','FULL_END'),
        status_code enum ('EMPLOYED','RETIRED'),
        primary key (id)
    )
Hibernate: 
    create table retired_developer (
        created_at timestamp(6),
        id bigint generated by default as identity,
        updated_at timestamp(6),
        member_id varchar(255),
        name varchar(255),
        primary key (id)
    )
2024-08-22T12:37:48.219+09:00  INFO 4152 --- [    Test worker] j.LocalContainerEntityManagerFactoryBean : Initialized JPA EntityManagerFactory for persistence unit 'default'
2024-08-22T12:37:49.263+09:00  WARN 4152 --- [    Test worker] JpaBaseConfiguration$JpaWebConfiguration : spring.jpa.open-in-view is enabled by default. Therefore, database queries may be performed during view rendering. Explicitly configure spring.jpa.open-in-view to disable this warning
2024-08-22T12:37:49.964+09:00  INFO 4152 --- [    Test worker] o.s.b.a.h2.H2ConsoleAutoConfiguration    : H2 console available at '/h2-console'. Database available at 'jdbc:h2:mem:65deaebf-900d-4f41-96af-eae495b46127'
2024-08-22T12:37:50.156+09:00  INFO 4152 --- [    Test worker] c.d.p.dmaker.DmakerApplicationTests      : Started DmakerApplicationTests in 9.355 seconds (process running for 11.884)
]]></system-out>
  <system-err><![CDATA[]]></system-err>
</testsuite>
